[33mcommit c5b23b09d9ecef3e03871e6b23ecd320d0bc0be3[m
Author: lizhenzhen <1026100702@qq.com>
Date:   Wed Dec 21 21:08:44 2016 +0800

    首次提交

[33mcommit 3d620715b0e10d2a1faf4e5f9fe5cdb71899c674[m
Author: lizhenzhen <1026100702@qq.com>
Date:   Wed Dec 21 20:55:22 2016 +0800

    无头件

[33mcommit 946d57b57f68a292843fc90e40ad42d993a85777[m
Author: lizhenzhen <1026100702@qq.com>
Date:   Wed Dec 21 20:45:59 2016 +0800

    乌头碱

[33mcommit c8305aa1f439b76018e2aaf2919990cc70b6899d[m
Author: lizhenzhen <1026100702@qq.com>
Date:   Mon Dec 19 20:03:09 2016 +0800

    我第一次提交文件

[33mcommit 70d7181f1e16bed07d3e607b3011a12038f993a6[m
Author: lizhenzhen123 <1026100702@qq.com>
Date:   Mon Dec 19 19:37:19 2016 +0800

    Initial commit
